Using pre-set license
Built from '2021.3/staging' branch; Version is '2021.3.8f1 (b30333d56e81) revision 11731763'; Using compiler version '192829333'; Build Type 'Release'
OS: 'Windows 11  (10.0.22000) 64bit Professional' Language: 'ru' Physical Memory: 32637 MB
BatchMode: 1, IsHumanControllingUs: 0, StartBugReporterOnCrash: 0, Is64bit: 1, IsPro: 1

COMMAND LINE ARGUMENTS:
E:\UnityEngine\2021.3.8f1\Editor\Unity.exe
-adb2
-batchMode
-noUpm
-name
AssetImportWorker4
-projectPath
I:/UnityProjects/Test task
-logFile
Logs/AssetImportWorker4.log
-srvPort
52871
Successfully changed project path to: I:/UnityProjects/Test task
I:/UnityProjects/Test task
[UnityMemory] Configuration Parameters - Can be set up in boot.config
    "memorysetup-bucket-allocator-granularity=16"
    "memorysetup-bucket-allocator-bucket-count=8"
    "memorysetup-bucket-allocator-block-size=33554432"
    "memorysetup-bucket-allocator-block-count=8"
    "memorysetup-main-allocator-block-size=16777216"
    "memorysetup-thread-allocator-block-size=16777216"
    "memorysetup-gfx-main-allocator-block-size=16777216"
    "memorysetup-gfx-thread-allocator-block-size=16777216"
    "memorysetup-cache-allocator-block-size=4194304"
    "memorysetup-typetree-allocator-block-size=2097152"
    "memorysetup-profiler-bucket-allocator-granularity=16"
    "memorysetup-profiler-bucket-allocator-bucket-count=8"
    "memorysetup-profiler-bucket-allocator-block-size=33554432"
    "memorysetup-profiler-bucket-allocator-block-count=8"
    "memorysetup-profiler-allocator-block-size=16777216"
    "memorysetup-profiler-editor-allocator-block-size=1048576"
    "memorysetup-temp-allocator-size-main=16777216"
    "memorysetup-job-temp-allocator-block-size=2097152"
    "memorysetup-job-temp-allocator-block-size-background=1048576"
    "memorysetup-job-temp-allocator-reduction-small-platforms=262144"
    "memorysetup-temp-allocator-size-background-worker=32768"
    "memorysetup-temp-allocator-size-job-worker=262144"
    "memorysetup-temp-allocator-size-preload-manager=33554432"
    "memorysetup-temp-allocator-size-nav-mesh-worker=65536"
    "memorysetup-temp-allocator-size-audio-worker=65536"
    "memorysetup-temp-allocator-size-cloud-worker=32768"
    "memorysetup-temp-allocator-size-gi-baking-worker=262144"
    "memorysetup-temp-allocator-size-gfx=262144"
Refreshing native plugins compatible for Editor in 70.83 ms, found 3 plugins.
Preloading 0 native plugins for Editor in 0.00 ms.
Initialize engine version: 2021.3.8f1 (b30333d56e81)
[Subsystems] Discovering subsystems at path E:/UnityEngine/2021.3.8f1/Editor/Data/Resources/UnitySubsystems
[Subsystems] Discovering subsystems at path I:/UnityProjects/Test task/Assets
GfxDevice: creating device client; threaded=0; jobified=0
Direct3D:
    Version:  Direct3D 11.0 [level 11.1]
    Renderer: NVIDIA GeForce GTX 1070 Ti (ID=0x1b82)
    Vendor:   NVIDIA
    VRAM:     8080 MB
    Driver:   31.0.15.1659
Initialize mono
Mono path[0] = 'E:/UnityEngine/2021.3.8f1/Editor/Data/Managed'
Mono path[1] = 'E:/UnityEngine/2021.3.8f1/Editor/Data/MonoBleedingEdge/lib/mono/unityjit-win32'
Mono config path = 'E:/UnityEngine/2021.3.8f1/Editor/Data/MonoBleedingEdge/etc'
Using monoOptions --debugger-agent=transport=dt_socket,embedding=1,server=y,suspend=n,address=127.0.0.1:56716
Begin MonoManager ReloadAssembly
Registering precompiled unity dll's ...
Register platform support module: E:/UnityEngine/2021.3.8f1/Editor/Data/PlaybackEngines/WindowsStandaloneSupport/UnityEditor.WindowsStandalone.Extensions.dll
Registered in 0.000954 seconds.
Native extension for WindowsStandalone target not found
Refreshing native plugins compatible for Editor in 60.65 ms, found 3 plugins.
Preloading 0 native plugins for Editor in 0.00 ms.
Mono: successfully reloaded assembly
- Completed reload, in  0.407 seconds
Domain Reload Profiling:
	ReloadAssembly (407ms)
		BeginReloadAssembly (42ms)
			ExecutionOrderSort (0ms)
			DisableScriptedObjects (0ms)
			BackupInstance (0ms)
			ReleaseScriptingObjects (0ms)
			CreateAndSetChildDomain (1ms)
		EndReloadAssembly (298ms)
			LoadAssemblies (42ms)
			RebuildTransferFunctionScriptingTraits (0ms)
			SetupTypeCache (65ms)
			ReleaseScriptCaches (0ms)
			RebuildScriptCaches (20ms)
			SetupLoadedEditorAssemblies (182ms)
				LogAssemblyErrors (0ms)
				InitializePlatformSupportModulesInManaged (5ms)
				SetLoadedEditorAssemblies (0ms)
				RefreshPlugins (61ms)
				BeforeProcessingInitializeOnLoad (1ms)
				ProcessInitializeOnLoadAttributes (85ms)
				ProcessInitializeOnLoadMethodAttributes (31ms)
				AfterProcessingInitializeOnLoad (0ms)
				EditorAssembliesLoaded (0ms)
			ExecutionOrderSort2 (0ms)
			AwakeInstancesAfterBackupRestoration (0ms)
Platform modules already initialized, skipping
Registering precompiled user dll's ...
Registered in 0.003520 seconds.
Begin MonoManager ReloadAssembly
Symbol file LoadedFromMemory doesn't match image I:\UnityProjects\Test task\Library\PackageCache\com.unity.visualscripting@1.7.8\Editor\VisualScripting.Core\Dependencies\YamlDotNet\Unity.VisualScripting.YamlDotNet.dll
Symbol file LoadedFromMemory doesn't match image I:\UnityProjects\Test task\Library\PackageCache\com.unity.visualscripting@1.7.8\Editor\VisualScripting.Core\Dependencies\DotNetZip\Unity.VisualScripting.IonicZip.dll
Native extension for WindowsStandalone target not found
Refreshing native plugins compatible for Editor in 0.46 ms, found 3 plugins.
Preloading 0 native plugins for Editor in 0.00 ms.
Mono: successfully reloaded assembly
- Completed reload, in  0.641 seconds
Domain Reload Profiling:
	ReloadAssembly (641ms)
		BeginReloadAssembly (65ms)
			ExecutionOrderSort (0ms)
			DisableScriptedObjects (4ms)
			BackupInstance (0ms)
			ReleaseScriptingObjects (0ms)
			CreateAndSetChildDomain (13ms)
		EndReloadAssembly (505ms)
			LoadAssemblies (47ms)
			RebuildTransferFunctionScriptingTraits (0ms)
			SetupTypeCache (166ms)
			ReleaseScriptCaches (0ms)
			RebuildScriptCaches (35ms)
			SetupLoadedEditorAssemblies (228ms)
				LogAssemblyErrors (0ms)
				InitializePlatformSupportModulesInManaged (3ms)
				SetLoadedEditorAssemblies (0ms)
				RefreshPlugins (1ms)
				BeforeProcessingInitializeOnLoad (54ms)
				ProcessInitializeOnLoadAttributes (150ms)
				ProcessInitializeOnLoadMethodAttributes (19ms)
				AfterProcessingInitializeOnLoad (1ms)
				EditorAssembliesLoaded (0ms)
			ExecutionOrderSort2 (0ms)
			AwakeInstancesAfterBackupRestoration (4ms)
Platform modules already initialized, skipping
========================================================================
Worker process is ready to serve import requests
Launched and connected shader compiler UnityShaderCompiler.exe after 0.02 seconds
Refreshing native plugins compatible for Editor in 0.47 ms, found 3 plugins.
Preloading 0 native plugins for Editor in 0.00 ms.
Unloading 3402 Unused Serialized files (Serialized files now loaded: 0)
Unloading 27 unused Assets / (110.9 KB). Loaded Objects now: 3859.
Memory consumption went from 119.3 MB to 119.2 MB.
Total: 2.353500 ms (FindLiveObjects: 0.194100 ms CreateObjectMapping: 0.082700 ms MarkObjects: 1.975600 ms  DeleteObjects: 0.100200 ms)

AssetImportParameters requested are different than current active one (requested -> active):
  custom:video-decoder-ogg-theora: a1e56fd34408186e4bbccfd4996cb3dc -> 
  custom:container-muxer-webm: aa71ff27fc2769a1b78a27578f13a17b -> 
  custom:container-demuxer-webm: 4f35f7cbe854078d1ac9338744f61a02 -> 
  custom:video-encoder-webm-vp8: eb34c28f22e8b96e1ab97ce403110664 -> 
  custom:video-codec-MediaFoundation-h265: e54d7ab0439102e2317fc1e4b246158d -> 
  custom:audio-encoder-webm-vorbis: bf7c407c2cedff20999df2af8eb42d56 -> 
  custom:framework-win-MediaFoundation: 216162199b28c13a410421893ffa2e32 -> 
  custom:container-demuxer-ogg: 62fdf1f143b41e24485cea50d1cbac27 -> 
  custom:video-decoder-webm-vp8: 9c59270c3fd7afecdb556c50c9e8de78 -> 
  custom:audio-decoder-ogg-vorbis: bf7c407c2cedff20999df2af8eb42d56 -> 
========================================================================
Received Import Request.
  Time since last request: 11875.298187 seconds.
  path: Assets/Materials/Alternatives
  artifactKey: Guid(b523cb42607b578458433c0c0b94da3c) Importer(815301076,1909f56bfc062723c751e8b465ee728b)
Start importing Assets/Materials/Alternatives using Guid(b523cb42607b578458433c0c0b94da3c) Importer(815301076,1909f56bfc062723c751e8b465ee728b)  -> (artifact id: '51b03480c9d0eb765387511106cb08ae') in 0.008242 seconds 
========================================================================
Received Import Request.
  Time since last request: 0.092495 seconds.
  path: Assets/Materials/Alternatives/Dungeon_Material_01_A.mat
  artifactKey: Guid(7ac7f7ed4e4639c41b96b549364e3a9d) Importer(815301076,1909f56bfc062723c751e8b465ee728b)
Start importing Assets/Materials/Alternatives/Dungeon_Material_01_A.mat using Guid(7ac7f7ed4e4639c41b96b549364e3a9d) Importer(815301076,1909f56bfc062723c751e8b465ee728b)  -> (artifact id: '1baf379c357f08cc45974004c144a000') in 0.100341 seconds 
========================================================================
Received Import Request.
  Time since last request: 0.000022 seconds.
  path: Assets/Materials/Alternatives/Dungeon_Material_02_D.mat
  artifactKey: Guid(41eeaca2a327f424a968942f71105488) Importer(815301076,1909f56bfc062723c751e8b465ee728b)
Start importing Assets/Materials/Alternatives/Dungeon_Material_02_D.mat using Guid(41eeaca2a327f424a968942f71105488) Importer(815301076,1909f56bfc062723c751e8b465ee728b)  -> (artifact id: 'c617a49b43fda209c0f84e899be562fb') in 0.033633 seconds 
========================================================================
Received Import Request.
  Time since last request: 0.000017 seconds.
  path: Assets/Materials/Alternatives/Dungeon_Material_03_B.mat
  artifactKey: Guid(b8d4818780a648f43a3c6e2d9b7e0dd7) Importer(815301076,1909f56bfc062723c751e8b465ee728b)
Start importing Assets/Materials/Alternatives/Dungeon_Material_03_B.mat using Guid(b8d4818780a648f43a3c6e2d9b7e0dd7) Importer(815301076,1909f56bfc062723c751e8b465ee728b)  -> (artifact id: '9d6747395d7164023da95b58bea78d73') in 0.013368 seconds 
========================================================================
Received Import Request.
  Time since last request: 1.784971 seconds.
  path: Assets/Materials/Misc
  artifactKey: Guid(79e8b663dcf4a644181f5d917d648c21) Importer(815301076,1909f56bfc062723c751e8b465ee728b)
Start importing Assets/Materials/Misc using Guid(79e8b663dcf4a644181f5d917d648c21) Importer(815301076,1909f56bfc062723c751e8b465ee728b)  -> (artifact id: 'f5c14be528f79a32dafab3e8e812646b') in 0.004428 seconds 
========================================================================
Received Import Request.
  Time since last request: 0.082824 seconds.
  path: Assets/Materials/Misc/Dungeon_Material_Ice.mat
  artifactKey: Guid(6f564942779400d418ee39582abb85a6) Importer(815301076,1909f56bfc062723c751e8b465ee728b)
Start importing Assets/Materials/Misc/Dungeon_Material_Ice.mat using Guid(6f564942779400d418ee39582abb85a6) Importer(815301076,1909f56bfc062723c751e8b465ee728b)  -> (artifact id: 'b6ba6ddcdf7f2af60490fae83534f9a0') in 0.217796 seconds 
========================================================================
Received Import Request.
  Time since last request: 0.000022 seconds.
  path: Assets/Materials/Misc/FX_Fog_Breakup.mat
  artifactKey: Guid(87cb885db32572a49bb20508a49dee45) Importer(815301076,1909f56bfc062723c751e8b465ee728b)
Start importing Assets/Materials/Misc/FX_Fog_Breakup.mat using Guid(87cb885db32572a49bb20508a49dee45) Importer(815301076,1909f56bfc062723c751e8b465ee728b)  -> (artifact id: 'b0b163640e682e0c15ec3796207b6ae6') in 0.033162 seconds 
========================================================================
Received Import Request.
  Time since last request: 0.000030 seconds.
  path: Assets/Materials/Misc/FX_Fog_Light.mat
  artifactKey: Guid(f609e37a5a8dad5419fad27ba477d1c8) Importer(815301076,1909f56bfc062723c751e8b465ee728b)
Start importing Assets/Materials/Misc/FX_Fog_Light.mat using Guid(f609e37a5a8dad5419fad27ba477d1c8) Importer(815301076,1909f56bfc062723c751e8b465ee728b)  -> (artifact id: '7503fce3a9d05f4b726ca631a5aa7015') in 0.029369 seconds 
========================================================================
Received Import Request.
  Time since last request: 0.000023 seconds.
  path: Assets/Materials/Misc/FX_Fog_Dark.mat
  artifactKey: Guid(a11359418a723dd4ba15a8ff08b0291c) Importer(815301076,1909f56bfc062723c751e8b465ee728b)
Start importing Assets/Materials/Misc/FX_Fog_Dark.mat using Guid(a11359418a723dd4ba15a8ff08b0291c) Importer(815301076,1909f56bfc062723c751e8b465ee728b)  -> (artifact id: 'b0819f82db90f7a9688c9a266dc6fe86') in 0.013204 seconds 
========================================================================
Received Import Request.
  Time since last request: 0.000022 seconds.
  path: Assets/Materials/Misc/Dungeons_Material_Emmision.mat
  artifactKey: Guid(3566951063315b24e8e8316d214cf625) Importer(815301076,1909f56bfc062723c751e8b465ee728b)
Start importing Assets/Materials/Misc/Dungeons_Material_Emmision.mat using Guid(3566951063315b24e8e8316d214cf625) Importer(815301076,1909f56bfc062723c751e8b465ee728b)  -> (artifact id: '320f3a74270df87a00e725e88c1916ec') in 0.030197 seconds 
========================================================================
Received Import Request.
  Time since last request: 0.000015 seconds.
  path: Assets/Materials/Misc/FX_Water_Sewer.mat
  artifactKey: Guid(455fe742c8c369c4d967a98804d6e56e) Importer(815301076,1909f56bfc062723c751e8b465ee728b)
Start importing Assets/Materials/Misc/FX_Water_Sewer.mat using Guid(455fe742c8c369c4d967a98804d6e56e) Importer(815301076,1909f56bfc062723c751e8b465ee728b)  -> (artifact id: '60cf8025621497ba132c0395fb8a70f3') in 0.082754 seconds 
========================================================================
Received Import Request.
  Time since last request: 4.983587 seconds.
  path: Assets/Models
  artifactKey: Guid(630326d11e039a44d9e08b4c49a6af10) Importer(815301076,1909f56bfc062723c751e8b465ee728b)
Start importing Assets/Models using Guid(630326d11e039a44d9e08b4c49a6af10) Importer(815301076,1909f56bfc062723c751e8b465ee728b)  -> (artifact id: '0a6bafc2ba4c160bcd8ae79cf37cd15e') in 0.004280 seconds 
========================================================================
Received Import Request.
  Time since last request: 0.107598 seconds.
  path: Assets/Models/Characters.fbx
  artifactKey: Guid(b69174d668ba02d44b14a084b217670a) Importer(815301076,1909f56bfc062723c751e8b465ee728b)
Start importing Assets/Models/Characters.fbx using Guid(b69174d668ba02d44b14a084b217670a) Importer(815301076,1909f56bfc062723c751e8b465ee728b)  -> (artifact id: '1e4b1cc0df3c361ea047a568e5981ee2') in 0.356180 seconds 
========================================================================
Received Import Request.
  Time since last request: 0.000024 seconds.
  path: Assets/Models/SM_Env_Flowers_02.fbx
  artifactKey: Guid(4e470cdd95f291348bf4b937997e4059) Importer(815301076,1909f56bfc062723c751e8b465ee728b)
Start importing Assets/Models/SM_Env_Flowers_02.fbx using Guid(4e470cdd95f291348bf4b937997e4059) Importer(815301076,1909f56bfc062723c751e8b465ee728b)  -> (artifact id: '265259328ef5fa0865c849e52b021541') in 0.244145 seconds 
========================================================================
Received Import Request.
  Time since last request: 0.000035 seconds.
  path: Assets/Models/SM_Env_Fence_Metal_Spikes_01.fbx
  artifactKey: Guid(0f4064e95661ff748a8bb70fff3ab929) Importer(815301076,1909f56bfc062723c751e8b465ee728b)
Start importing Assets/Models/SM_Env_Fence_Metal_Spikes_01.fbx using Guid(0f4064e95661ff748a8bb70fff3ab929) Importer(815301076,1909f56bfc062723c751e8b465ee728b)  -> (artifact id: '3144397835f2692b71d27a7b210ac8ad') in 0.039641 seconds 
========================================================================
Received Import Request.
  Time since last request: 0.000021 seconds.
  path: Assets/Models/SM_Env_Ceiling_Stone_Curved_Corner_02.fbx
  artifactKey: Guid(b6901767108dc474b8872708908215d9) Importer(815301076,1909f56bfc062723c751e8b465ee728b)
Start importing Assets/Models/SM_Env_Ceiling_Stone_Curved_Corner_02.fbx using Guid(b6901767108dc474b8872708908215d9) Importer(815301076,1909f56bfc062723c751e8b465ee728b)  -> (artifact id: 'd2445143cf879e893be778f0e7b8ce4b') in 0.041718 seconds 
========================================================================
Received Import Request.
  Time since last request: 0.000017 seconds.
  path: Assets/Models/SM_Env_DoorDouble_Flat_02.fbx
  artifactKey: Guid(807cfbae3e16d0249bc79ea6aaccfb8c) Importer(815301076,1909f56bfc062723c751e8b465ee728b)
Start importing Assets/Models/SM_Env_DoorDouble_Flat_02.fbx using Guid(807cfbae3e16d0249bc79ea6aaccfb8c) Importer(815301076,1909f56bfc062723c751e8b465ee728b)  -> (artifact id: '9dee39ec363ff6521a971a615670fa14') in 0.106594 seconds 
========================================================================
Received Import Request.
  Time since last request: 0.000022 seconds.
  path: Assets/Models/SM_Env_Bone_Horn_01.fbx
  artifactKey: Guid(cd3dd821db706e747a71b0f22f733d67) Importer(815301076,1909f56bfc062723c751e8b465ee728b)
Start importing Assets/Models/SM_Env_Bone_Horn_01.fbx using Guid(cd3dd821db706e747a71b0f22f733d67) Importer(815301076,1909f56bfc062723c751e8b465ee728b)  -> (artifact id: '60ec9da6527a2bfb4a4f53dea1b51bf2') in 0.111039 seconds 
========================================================================
Received Import Request.
  Time since last request: 0.000018 seconds.
  path: Assets/Models/SM_Env_Ceiling_Stone_Stairs_01.fbx
  artifactKey: Guid(68d1ce003bb6c7f4e8dc1c48fbb8444e) Importer(815301076,1909f56bfc062723c751e8b465ee728b)
Start importing Assets/Models/SM_Env_Ceiling_Stone_Stairs_01.fbx using Guid(68d1ce003bb6c7f4e8dc1c48fbb8444e) Importer(815301076,1909f56bfc062723c751e8b465ee728b)  -> (artifact id: '310d7721449c7df24568d625ab6fc758') in 0.034807 seconds 
========================================================================
Received Import Request.
  Time since last request: 0.000033 seconds.
  path: Assets/Models/SM_Env_Grate_01.fbx
  artifactKey: Guid(984fdcc7f67d2e1459e78c7152599766) Importer(815301076,1909f56bfc062723c751e8b465ee728b)
Start importing Assets/Models/SM_Env_Grate_01.fbx using Guid(984fdcc7f67d2e1459e78c7152599766) Importer(815301076,1909f56bfc062723c751e8b465ee728b)  -> (artifact id: '7e0e260fa73efd9a4dd59cf589b2fe9f') in 0.034644 seconds 
========================================================================
Received Import Request.
  Time since last request: 0.000018 seconds.
  path: Assets/Models/SM_Env_Ceiling_Stone_Curved_01.fbx
  artifactKey: Guid(73223791454a5fb4991a45f96c4fd7d4) Importer(815301076,1909f56bfc062723c751e8b465ee728b)
Start importing Assets/Models/SM_Env_Ceiling_Stone_Curved_01.fbx using Guid(73223791454a5fb4991a45f96c4fd7d4) Importer(815301076,1909f56bfc062723c751e8b465ee728b)  -> (artifact id: 'd67e35b9588e1dd9cf593043a5e6001c') in 0.032788 seconds 
========================================================================
Received Import Request.
  Time since last request: 0.000021 seconds.
  path: Assets/Models/SM_Env_GlowingOrb_05.fbx
  artifactKey: Guid(542d28ff2b5685646841aeaf9456071a) Importer(815301076,1909f56bfc062723c751e8b465ee728b)
Start importing Assets/Models/SM_Env_GlowingOrb_05.fbx using Guid(542d28ff2b5685646841aeaf9456071a) Importer(815301076,1909f56bfc062723c751e8b465ee728b)  -> (artifact id: 'd2dcd0d73b84c12b9f60afe2270f2a00') in 0.101448 seconds 
========================================================================
Received Import Request.
  Time since last request: 0.000023 seconds.
  path: Assets/Models/SM_Env_Cave_Background_Corner_01_DoubleSided.fbx
  artifactKey: Guid(897074145e07b384aa647cba8e6ace18) Importer(815301076,1909f56bfc062723c751e8b465ee728b)
Start importing Assets/Models/SM_Env_Cave_Background_Corner_01_DoubleSided.fbx using Guid(897074145e07b384aa647cba8e6ace18) Importer(815301076,1909f56bfc062723c751e8b465ee728b)  -> (artifact id: '412e4019da44efa850aa98e7624aea02') in 0.135123 seconds 
========================================================================
Received Import Request.
  Time since last request: 0.000019 seconds.
  path: Assets/Models/SM_Env_Door_Large_Wood_02.fbx
  artifactKey: Guid(a67fa7f0fdfb0fb49acd53e7b8ca24b4) Importer(815301076,1909f56bfc062723c751e8b465ee728b)
Start importing Assets/Models/SM_Env_Door_Large_Wood_02.fbx using Guid(a67fa7f0fdfb0fb49acd53e7b8ca24b4) Importer(815301076,1909f56bfc062723c751e8b465ee728b)  -> (artifact id: '2fe3615b68f8d5f0b52de2ac23b5b6df') in 0.029480 seconds 
========================================================================
Received Import Request.
  Time since last request: 0.000022 seconds.
  path: Assets/Models/SM_Env_Basement_Support_Wall_01.fbx
  artifactKey: Guid(2f1181d68922f274dbbe743323dbd7fe) Importer(815301076,1909f56bfc062723c751e8b465ee728b)
Start importing Assets/Models/SM_Env_Basement_Support_Wall_01.fbx using Guid(2f1181d68922f274dbbe743323dbd7fe) Importer(815301076,1909f56bfc062723c751e8b465ee728b)  -> (artifact id: '37183b438be3aacfc9e7ad26c7307f87') in 0.045999 seconds 
========================================================================
Received Import Request.
  Time since last request: 0.000025 seconds.
  path: Assets/Models/SM_Env_Brick_Rubble_02.fbx
  artifactKey: Guid(ffae0fc54a16e5b41bf9a944b073f495) Importer(815301076,1909f56bfc062723c751e8b465ee728b)
Start importing Assets/Models/SM_Env_Brick_Rubble_02.fbx using Guid(ffae0fc54a16e5b41bf9a944b073f495) Importer(815301076,1909f56bfc062723c751e8b465ee728b)  -> (artifact id: 'ca4ecccc9b99d3d6e850ee794b25899f') in 0.097237 seconds 
========================================================================
Received Import Request.
  Time since last request: 0.000018 seconds.
  path: Assets/Models/SM_Env_Bone_Spine_03.fbx
  artifactKey: Guid(bbe0af02b8c4e8c4d816a772117e8f7e) Importer(815301076,1909f56bfc062723c751e8b465ee728b)
Start importing Assets/Models/SM_Env_Bone_Spine_03.fbx using Guid(bbe0af02b8c4e8c4d816a772117e8f7e) Importer(815301076,1909f56bfc062723c751e8b465ee728b)  -> (artifact id: '81b473eabe270ed17c0ba2c182e3b36c') in 0.015279 seconds 
========================================================================
Received Import Request.
  Time since last request: 0.000024 seconds.
  path: Assets/Models/SM_Env_Entrance_Large_01.fbx
  artifactKey: Guid(3c492eb6e747c624aa4dee6a01a2d021) Importer(815301076,1909f56bfc062723c751e8b465ee728b)
Start importing Assets/Models/SM_Env_Entrance_Large_01.fbx using Guid(3c492eb6e747c624aa4dee6a01a2d021) Importer(815301076,1909f56bfc062723c751e8b465ee728b)  -> (artifact id: '094b9350fafc3fbdc81139abefe6e8fb') in 0.054278 seconds 
========================================================================
Received Import Request.
  Time since last request: 0.000021 seconds.
  path: Assets/Models/SM_Env_DoorDouble_Round_01.fbx
  artifactKey: Guid(589c270fb8fc65d40aa230cf97205357) Importer(815301076,1909f56bfc062723c751e8b465ee728b)
Start importing Assets/Models/SM_Env_DoorDouble_Round_01.fbx using Guid(589c270fb8fc65d40aa230cf97205357) Importer(815301076,1909f56bfc062723c751e8b465ee728b)  -> (artifact id: '6f496c268728007b915325e02f177017') in 0.027884 seconds 
========================================================================
Received Import Request.
  Time since last request: 0.000028 seconds.
  path: Assets/Models/SM_Env_Grass_02.fbx
  artifactKey: Guid(6569cf30a0856d54da437fcba1ddd221) Importer(815301076,1909f56bfc062723c751e8b465ee728b)
Start importing Assets/Models/SM_Env_Grass_02.fbx using Guid(6569cf30a0856d54da437fcba1ddd221) Importer(815301076,1909f56bfc062723c751e8b465ee728b)  -> (artifact id: 'ea9a7b551391a50a719501c14ccbb8a0') in 0.052096 seconds 
========================================================================
Received Import Request.
  Time since last request: 0.000019 seconds.
  path: Assets/Models/SM_Env_Basement_WallPanel_01.fbx
  artifactKey: Guid(7fba1687af691ae4ebd49462bcebad0e) Importer(815301076,1909f56bfc062723c751e8b465ee728b)
Start importing Assets/Models/SM_Env_Basement_WallPanel_01.fbx using Guid(7fba1687af691ae4ebd49462bcebad0e) Importer(815301076,1909f56bfc062723c751e8b465ee728b)  -> (artifact id: 'b1e9ef466f74a2fc3dc0ea688bcc53ef') in 0.037118 seconds 
========================================================================
Received Import Request.
  Time since last request: 0.000017 seconds.
  path: Assets/Models/SM_Env_Cave_Background_01_DoubleSided.fbx
  artifactKey: Guid(7cf402dfbf99bc84f818ecd535cac3ae) Importer(815301076,1909f56bfc062723c751e8b465ee728b)
Start importing Assets/Models/SM_Env_Cave_Background_01_DoubleSided.fbx using Guid(7cf402dfbf99bc84f818ecd535cac3ae) Importer(815301076,1909f56bfc062723c751e8b465ee728b)  -> (artifact id: 'b73d987d5519d9d4c08728647fd98ede') in 0.039219 seconds 
========================================================================
Received Import Request.
  Time since last request: 0.000021 seconds.
  path: Assets/Models/SM_Env_Door_04.fbx
  artifactKey: Guid(fa4a5eb40dc2b0f4a9d8d38677163cc0) Importer(815301076,1909f56bfc062723c751e8b465ee728b)
Start importing Assets/Models/SM_Env_Door_04.fbx using Guid(fa4a5eb40dc2b0f4a9d8d38677163cc0) Importer(815301076,1909f56bfc062723c751e8b465ee728b)  -> (artifact id: '215ffdaf698273cbdfca5995bbeb46e9') in 0.047532 seconds 
========================================================================
Received Import Request.
  Time since last request: 0.000016 seconds.
  path: Assets/Models/SM_Env_Ceiling_Stone_Flat_07.fbx
  artifactKey: Guid(ddf3d77960b6be743b0ac25e2f50d188) Importer(815301076,1909f56bfc062723c751e8b465ee728b)
Start importing Assets/Models/SM_Env_Ceiling_Stone_Flat_07.fbx using Guid(ddf3d77960b6be743b0ac25e2f50d188) Importer(815301076,1909f56bfc062723c751e8b465ee728b)  -> (artifact id: '756824bdf3e5d0623b3ad2a4e0d694f5') in 0.061793 seconds 
========================================================================
Received Import Request.
  Time since last request: 0.000016 seconds.
  path: Assets/Models/SM_Env_CrackedRock_01.fbx
  artifactKey: Guid(4bbb2f057a2e93944a53c3527c9dd94e) Importer(815301076,1909f56bfc062723c751e8b465ee728b)
Start importing Assets/Models/SM_Env_CrackedRock_01.fbx using Guid(4bbb2f057a2e93944a53c3527c9dd94e) Importer(815301076,1909f56bfc062723c751e8b465ee728b)  -> (artifact id: 'a6d7e0843fd20c2d1c438f9a723c152a') in 0.068209 seconds 
========================================================================
Received Import Request.
  Time since last request: 0.000033 seconds.
  path: Assets/Models/SM_Env_Door_Large_Frame_01.fbx
  artifactKey: Guid(b0decc80942868f45b69cb5bc50e233a) Importer(815301076,1909f56bfc062723c751e8b465ee728b)
Start importing Assets/Models/SM_Env_Door_Large_Frame_01.fbx using Guid(b0decc80942868f45b69cb5bc50e233a) Importer(815301076,1909f56bfc062723c751e8b465ee728b)  -> (artifact id: '0734bb454128a14aeab148b03a13bc9e') in 0.078919 seconds 
========================================================================
Received Import Request.
  Time since last request: 0.000017 seconds.
  path: Assets/Models/SM_Env_BonePile_03.fbx
  artifactKey: Guid(4b8270749fe56c1469fb49940852f38b) Importer(815301076,1909f56bfc062723c751e8b465ee728b)
Start importing Assets/Models/SM_Env_BonePile_03.fbx using Guid(4b8270749fe56c1469fb49940852f38b) Importer(815301076,1909f56bfc062723c751e8b465ee728b)  -> (artifact id: '2800c22ba8038ebdb932f6e187006bce') in 0.063953 seconds 
========================================================================
Received Import Request.
  Time since last request: 0.000016 seconds.
  path: Assets/Models/SM_Env_Ceiling_Stone_Curved_02.fbx
  artifactKey: Guid(317593ff900554749aff43cc5dec78cc) Importer(815301076,1909f56bfc062723c751e8b465ee728b)
Start importing Assets/Models/SM_Env_Ceiling_Stone_Curved_02.fbx using Guid(317593ff900554749aff43cc5dec78cc) Importer(815301076,1909f56bfc062723c751e8b465ee728b)  -> (artifact id: '8439040f1ce4b45448b66211d1cc773d') in 0.019049 seconds 
========================================================================
Received Import Request.
  Time since last request: 0.000018 seconds.
  path: Assets/Models/SM_Env_Alter_01.fbx
  artifactKey: Guid(45bced3c8edd88e4eaf44a68ca76c9f2) Importer(815301076,1909f56bfc062723c751e8b465ee728b)
Start importing Assets/Models/SM_Env_Alter_01.fbx using Guid(45bced3c8edd88e4eaf44a68ca76c9f2) Importer(815301076,1909f56bfc062723c751e8b465ee728b)  -> (artifact id: '0fb254f113f7c191f1769170264e1217') in 0.029955 seconds 
========================================================================
Received Import Request.
  Time since last request: 0.000022 seconds.
  path: Assets/Models/SM_Env_Brick_Rubble_06.fbx
  artifactKey: Guid(e7c95b40c60d9e34aa016dec8e800ff6) Importer(815301076,1909f56bfc062723c751e8b465ee728b)
Start importing Assets/Models/SM_Env_Brick_Rubble_06.fbx using Guid(e7c95b40c60d9e34aa016dec8e800ff6) Importer(815301076,1909f56bfc062723c751e8b465ee728b)  -> (artifact id: 'b7227ae159c8dfd8f579bfa0ea117cc5') in 0.032067 seconds 
========================================================================
Received Import Request.
  Time since last request: 0.000028 seconds.
  path: Assets/Models/SM_Env_Flowers_01.fbx
  artifactKey: Guid(eb8da2c50ff1021408ea5367eb8d3ff0) Importer(815301076,1909f56bfc062723c751e8b465ee728b)
Start importing Assets/Models/SM_Env_Flowers_01.fbx using Guid(eb8da2c50ff1021408ea5367eb8d3ff0) Importer(815301076,1909f56bfc062723c751e8b465ee728b)  -> (artifact id: '3efc39497034280043c89f97db1e3bee') in 0.056096 seconds 
========================================================================
Received Import Request.
  Time since last request: 0.000016 seconds.
  path: Assets/Models/SM_Env_Ceiling_Stone_Flat_06.fbx
  artifactKey: Guid(093db11050288724597f6d56848cd803) Importer(815301076,1909f56bfc062723c751e8b465ee728b)
Start importing Assets/Models/SM_Env_Ceiling_Stone_Flat_06.fbx using Guid(093db11050288724597f6d56848cd803) Importer(815301076,1909f56bfc062723c751e8b465ee728b)  -> (artifact id: '9d60cda7aab7ae87ed18da695d355352') in 0.076981 seconds 
========================================================================
Received Import Request.
  Time since last request: 0.000021 seconds.
  path: Assets/Models/SM_Arrow_01.fbx
  artifactKey: Guid(1fac0970bac25574ebb8fa1e625d4a4b) Importer(815301076,1909f56bfc062723c751e8b465ee728b)
Start importing Assets/Models/SM_Arrow_01.fbx using Guid(1fac0970bac25574ebb8fa1e625d4a4b) Importer(815301076,1909f56bfc062723c751e8b465ee728b)  -> (artifact id: '8c496251d82bfc826f8047de355f8a74') in 0.027704 seconds 
========================================================================
Received Import Request.
  Time since last request: 0.000028 seconds.
  path: Assets/Models/SM_Env_Grass_03.fbx
  artifactKey: Guid(7bd69d5b6182c85489899da80509fe61) Importer(815301076,1909f56bfc062723c751e8b465ee728b)
Start importing Assets/Models/SM_Env_Grass_03.fbx using Guid(7bd69d5b6182c85489899da80509fe61) Importer(815301076,1909f56bfc062723c751e8b465ee728b)  -> (artifact id: 'f639f2bd96f977bda2416b0ecdc338c0') in 0.026887 seconds 
========================================================================
Received Import Request.
  Time since last request: 0.000018 seconds.
  path: Assets/Models/SM_Env_Door_02.fbx
  artifactKey: Guid(b730b3c81dc7ddf488da3514010e63c2) Importer(815301076,1909f56bfc062723c751e8b465ee728b)
Start importing Assets/Models/SM_Env_Door_02.fbx using Guid(b730b3c81dc7ddf488da3514010e63c2) Importer(815301076,1909f56bfc062723c751e8b465ee728b)  -> (artifact id: '3fa8a058f02028611f6b6ec1c9a2c5a9') in 0.018234 seconds 
========================================================================
Received Import Request.
  Time since last request: 0.000017 seconds.
  path: Assets/Models/SM_Env_BonePile_01.fbx
  artifactKey: Guid(b89ef59607bc8c8478705cc0ceadc89f) Importer(815301076,1909f56bfc062723c751e8b465ee728b)
Start importing Assets/Models/SM_Env_BonePile_01.fbx using Guid(b89ef59607bc8c8478705cc0ceadc89f) Importer(815301076,1909f56bfc062723c751e8b465ee728b)  -> (artifact id: 'efd5b9d52d573043ed7924ab66e3706e') in 0.103166 seconds 
========================================================================
Received Import Request.
  Time since last request: 0.000024 seconds.
  path: Assets/Models/SM_Env_Ceiling_Stone_Pillar_02.fbx
  artifactKey: Guid(7050c0f5199689941aae78c1b6372903) Importer(815301076,1909f56bfc062723c751e8b465ee728b)
Start importing Assets/Models/SM_Env_Ceiling_Stone_Pillar_02.fbx using Guid(7050c0f5199689941aae78c1b6372903) Importer(815301076,1909f56bfc062723c751e8b465ee728b)  -> (artifact id: '7111d7d4c4373800644bb4fb372010a6') in 0.154643 seconds 
========================================================================
Received Prepare
Registering precompiled user dll's ...
Registered in 0.003070 seconds.
Begin MonoManager ReloadAssembly
Symbol file LoadedFromMemory doesn't match image I:\UnityProjects\Test task\Library\PackageCache\com.unity.visualscripting@1.7.8\Editor\VisualScripting.Core\Dependencies\YamlDotNet\Unity.VisualScripting.YamlDotNet.dll
Symbol file LoadedFromMemory doesn't match image I:\UnityProjects\Test task\Library\PackageCache\com.unity.visualscripting@1.7.8\Editor\VisualScripting.Core\Dependencies\DotNetZip\Unity.VisualScripting.IonicZip.dll
Native extension for WindowsStandalone target not found
Refreshing native plugins compatible for Editor in 0.52 ms, found 3 plugins.
Preloading 0 native plugins for Editor in 0.00 ms.
Mono: successfully reloaded assembly
- Completed reload, in  0.703 seconds
Domain Reload Profiling:
	ReloadAssembly (704ms)
		BeginReloadAssembly (97ms)
			ExecutionOrderSort (0ms)
			DisableScriptedObjects (4ms)
			BackupInstance (0ms)
			ReleaseScriptingObjects (0ms)
			CreateAndSetChildDomain (30ms)
		EndReloadAssembly (544ms)
			LoadAssemblies (59ms)
			RebuildTransferFunctionScriptingTraits (0ms)
			SetupTypeCache (193ms)
			ReleaseScriptCaches (1ms)
			RebuildScriptCaches (31ms)
			SetupLoadedEditorAssemblies (226ms)
				LogAssemblyErrors (0ms)
				InitializePlatformSupportModulesInManaged (8ms)
				SetLoadedEditorAssemblies (0ms)
				RefreshPlugins (1ms)
				BeforeProcessingInitializeOnLoad (44ms)
				ProcessInitializeOnLoadAttributes (150ms)
				ProcessInitializeOnLoadMethodAttributes (21ms)
				AfterProcessingInitializeOnLoad (1ms)
				EditorAssembliesLoaded (0ms)
			ExecutionOrderSort2 (0ms)
			AwakeInstancesAfterBackupRestoration (5ms)
Platform modules already initialized, skipping
Refreshing native plugins compatible for Editor in 2.07 ms, found 3 plugins.
Preloading 0 native plugins for Editor in 0.00 ms.
Unloading 3397 Unused Serialized files (Serialized files now loaded: 0)
Unloading 20 unused Assets / (78.3 KB). Loaded Objects now: 3909.
Memory consumption went from 137.2 MB to 137.1 MB.
Total: 2.387200 ms (FindLiveObjects: 0.204000 ms CreateObjectMapping: 0.101700 ms MarkObjects: 2.004600 ms  DeleteObjects: 0.076100 ms)

AssetImportParameters requested are different than current active one (requested -> active):
  custom:video-decoder-ogg-theora: a1e56fd34408186e4bbccfd4996cb3dc -> 
  custom:container-muxer-webm: aa71ff27fc2769a1b78a27578f13a17b -> 
  custom:container-demuxer-webm: 4f35f7cbe854078d1ac9338744f61a02 -> 
  custom:video-encoder-webm-vp8: eb34c28f22e8b96e1ab97ce403110664 -> 
  custom:video-codec-MediaFoundation-h265: e54d7ab0439102e2317fc1e4b246158d -> 
  custom:audio-encoder-webm-vorbis: bf7c407c2cedff20999df2af8eb42d56 -> 
  custom:framework-win-MediaFoundation: 216162199b28c13a410421893ffa2e32 -> 
  custom:container-demuxer-ogg: 62fdf1f143b41e24485cea50d1cbac27 -> 
  custom:video-decoder-webm-vp8: 9c59270c3fd7afecdb556c50c9e8de78 -> 
  custom:audio-decoder-ogg-vorbis: bf7c407c2cedff20999df2af8eb42d56 -> 
========================================================================
Received Prepare
Registering precompiled user dll's ...
Registered in 0.003047 seconds.
Begin MonoManager ReloadAssembly
Symbol file LoadedFromMemory doesn't match image I:\UnityProjects\Test task\Library\PackageCache\com.unity.visualscripting@1.7.8\Editor\VisualScripting.Core\Dependencies\YamlDotNet\Unity.VisualScripting.YamlDotNet.dll
Symbol file LoadedFromMemory doesn't match image I:\UnityProjects\Test task\Library\PackageCache\com.unity.visualscripting@1.7.8\Editor\VisualScripting.Core\Dependencies\DotNetZip\Unity.VisualScripting.IonicZip.dll
Native extension for WindowsStandalone target not found
Refreshing native plugins compatible for Editor in 0.51 ms, found 3 plugins.
Preloading 0 native plugins for Editor in 0.00 ms.
Mono: successfully reloaded assembly
- Completed reload, in  0.688 seconds
Domain Reload Profiling:
	ReloadAssembly (689ms)
		BeginReloadAssembly (96ms)
			ExecutionOrderSort (0ms)
			DisableScriptedObjects (4ms)
			BackupInstance (0ms)
			ReleaseScriptingObjects (0ms)
			CreateAndSetChildDomain (29ms)
		EndReloadAssembly (529ms)
			LoadAssemblies (56ms)
			RebuildTransferFunctionScriptingTraits (0ms)
			SetupTypeCache (181ms)
			ReleaseScriptCaches (1ms)
			RebuildScriptCaches (29ms)
			SetupLoadedEditorAssemblies (229ms)
				LogAssemblyErrors (0ms)
				InitializePlatformSupportModulesInManaged (9ms)
				SetLoadedEditorAssemblies (0ms)
				RefreshPlugins (1ms)
				BeforeProcessingInitializeOnLoad (44ms)
				ProcessInitializeOnLoadAttributes (151ms)
				ProcessInitializeOnLoadMethodAttributes (22ms)
				AfterProcessingInitializeOnLoad (1ms)
				EditorAssembliesLoaded (0ms)
			ExecutionOrderSort2 (0ms)
			AwakeInstancesAfterBackupRestoration (4ms)
Platform modules already initialized, skipping
Refreshing native plugins compatible for Editor in 1.48 ms, found 3 plugins.
Preloading 0 native plugins for Editor in 0.00 ms.
Unloading 3397 Unused Serialized files (Serialized files now loaded: 0)
Unloading 20 unused Assets / (78.3 KB). Loaded Objects now: 3912.
Memory consumption went from 137.2 MB to 137.1 MB.
Total: 2.906200 ms (FindLiveObjects: 0.231000 ms CreateObjectMapping: 0.103800 ms MarkObjects: 2.431100 ms  DeleteObjects: 0.139300 ms)

AssetImportParameters requested are different than current active one (requested -> active):
  custom:video-decoder-ogg-theora: a1e56fd34408186e4bbccfd4996cb3dc -> 
  custom:container-muxer-webm: aa71ff27fc2769a1b78a27578f13a17b -> 
  custom:container-demuxer-webm: 4f35f7cbe854078d1ac9338744f61a02 -> 
  custom:video-encoder-webm-vp8: eb34c28f22e8b96e1ab97ce403110664 -> 
  custom:video-codec-MediaFoundation-h265: e54d7ab0439102e2317fc1e4b246158d -> 
  custom:audio-encoder-webm-vorbis: bf7c407c2cedff20999df2af8eb42d56 -> 
  custom:framework-win-MediaFoundation: 216162199b28c13a410421893ffa2e32 -> 
  custom:container-demuxer-ogg: 62fdf1f143b41e24485cea50d1cbac27 -> 
  custom:video-decoder-webm-vp8: 9c59270c3fd7afecdb556c50c9e8de78 -> 
  custom:audio-decoder-ogg-vorbis: bf7c407c2cedff20999df2af8eb42d56 -> 
========================================================================
Received Prepare
Registering precompiled user dll's ...
Registered in 0.002902 seconds.
Begin MonoManager ReloadAssembly
Symbol file LoadedFromMemory doesn't match image I:\UnityProjects\Test task\Library\PackageCache\com.unity.visualscripting@1.7.8\Editor\VisualScripting.Core\Dependencies\YamlDotNet\Unity.VisualScripting.YamlDotNet.dll
Symbol file LoadedFromMemory doesn't match image I:\UnityProjects\Test task\Library\PackageCache\com.unity.visualscripting@1.7.8\Editor\VisualScripting.Core\Dependencies\DotNetZip\Unity.VisualScripting.IonicZip.dll
Native extension for WindowsStandalone target not found
Refreshing native plugins compatible for Editor in 0.56 ms, found 3 plugins.
Preloading 0 native plugins for Editor in 0.00 ms.
Mono: successfully reloaded assembly
- Completed reload, in  0.712 seconds
Domain Reload Profiling:
	ReloadAssembly (712ms)
		BeginReloadAssembly (94ms)
			ExecutionOrderSort (0ms)
			DisableScriptedObjects (4ms)
			BackupInstance (0ms)
			ReleaseScriptingObjects (0ms)
			CreateAndSetChildDomain (28ms)
		EndReloadAssembly (549ms)
			LoadAssemblies (57ms)
			RebuildTransferFunctionScriptingTraits (0ms)
			SetupTypeCache (194ms)
			ReleaseScriptCaches (1ms)
			RebuildScriptCaches (31ms)
			SetupLoadedEditorAssemblies (233ms)
				LogAssemblyErrors (0ms)
				InitializePlatformSupportModulesInManaged (9ms)
				SetLoadedEditorAssemblies (0ms)
				RefreshPlugins (1ms)
				BeforeProcessingInitializeOnLoad (45ms)
				ProcessInitializeOnLoadAttributes (151ms)
				ProcessInitializeOnLoadMethodAttributes (23ms)
				AfterProcessingInitializeOnLoad (3ms)
				EditorAssembliesLoaded (0ms)
			ExecutionOrderSort2 (0ms)
			AwakeInstancesAfterBackupRestoration (5ms)
Platform modules already initialized, skipping
Refreshing native plugins compatible for Editor in 2.20 ms, found 3 plugins.
Preloading 0 native plugins for Editor in 0.00 ms.
Unloading 3397 Unused Serialized files (Serialized files now loaded: 0)
Unloading 20 unused Assets / (78.2 KB). Loaded Objects now: 3915.
Memory consumption went from 137.2 MB to 137.1 MB.
Total: 2.851100 ms (FindLiveObjects: 0.349000 ms CreateObjectMapping: 0.167700 ms MarkObjects: 2.261900 ms  DeleteObjects: 0.071900 ms)

AssetImportParameters requested are different than current active one (requested -> active):
  custom:video-decoder-ogg-theora: a1e56fd34408186e4bbccfd4996cb3dc -> 
  custom:container-muxer-webm: aa71ff27fc2769a1b78a27578f13a17b -> 
  custom:container-demuxer-webm: 4f35f7cbe854078d1ac9338744f61a02 -> 
  custom:video-encoder-webm-vp8: eb34c28f22e8b96e1ab97ce403110664 -> 
  custom:video-codec-MediaFoundation-h265: e54d7ab0439102e2317fc1e4b246158d -> 
  custom:audio-encoder-webm-vorbis: bf7c407c2cedff20999df2af8eb42d56 -> 
  custom:framework-win-MediaFoundation: 216162199b28c13a410421893ffa2e32 -> 
  custom:container-demuxer-ogg: 62fdf1f143b41e24485cea50d1cbac27 -> 
  custom:video-decoder-webm-vp8: 9c59270c3fd7afecdb556c50c9e8de78 -> 
  custom:audio-decoder-ogg-vorbis: bf7c407c2cedff20999df2af8eb42d56 -> 
